<?xml version="1.0" encoding="UTF-8"?>
<robot generator="Robot 4.1.2 (Python 3.8.10 on linux)" generated="20211214 21:49:18.482" rpa="false" schemaversion="2">
<suite id="s1" name="Test" source="/home/aizad/PycharmProjects/Assignment7/test.robot">
<test id="s1-t1" name="Day 7 Assignment">
<kw name="Open Browser" library="SeleniumLibrary">
<arg>https://app.deriv.com/account/api-token</arg>
<arg>chrome</arg>
<doc>Opens a new browser instance to the optional ``url``.</doc>
<msg timestamp="20211214 21:49:18.562" level="INFO">Opening browser 'chrome' to base url 'https://app.deriv.com/account/api-token'.</msg>
<status status="PASS" starttime="20211214 21:49:18.562" endtime="20211214 21:49:27.149"/>
</kw>
<kw name="Login">
<arg>${my_email}</arg>
<arg>${my_pw}</arg>
<kw name="Maximize Browser Window" library="SeleniumLibrary">
<doc>Maximizes current browser window.</doc>
<status status="PASS" starttime="20211214 21:49:27.150" endtime="20211214 21:49:27.255"/>
</kw>
<kw name="Wait Until Page Does Not Contain Element" library="SeleniumLibrary">
<arg>dt_core_header_acc-info-preloader</arg>
<arg>60</arg>
<doc>Waits until the element ``locator`` disappears from the current page.</doc>
<status status="PASS" starttime="20211214 21:49:27.255" endtime="20211214 21:49:32.347"/>
</kw>
<kw name="Wait Until Page Contains Element" library="SeleniumLibrary">
<arg>name=email</arg>
<arg>15</arg>
<doc>Waits until the element ``locator`` appears on the current page.</doc>
<status status="PASS" starttime="20211214 21:49:32.347" endtime="20211214 21:49:32.357"/>
</kw>
<kw name="Input Text" library="SeleniumLibrary">
<arg>name=email</arg>
<arg>${my_email}</arg>
<doc>Types the given ``text`` into the text field identified by ``locator``.</doc>
<msg timestamp="20211214 21:49:32.358" level="INFO">Typing text 'aizad@besquare.com.my' into text field 'name=email'.</msg>
<status status="PASS" starttime="20211214 21:49:32.358" endtime="20211214 21:49:32.417"/>
</kw>
<kw name="Input Text" library="SeleniumLibrary">
<arg>name=password</arg>
<arg>${my_pw}</arg>
<doc>Types the given ``text`` into the text field identified by ``locator``.</doc>
<msg timestamp="20211214 21:49:32.417" level="INFO">Typing text 'Clover@32' into text field 'name=password'.</msg>
<status status="PASS" starttime="20211214 21:49:32.417" endtime="20211214 21:49:32.464"/>
</kw>
<kw name="Click Element" library="SeleniumLibrary">
<arg>name=login</arg>
<doc>Click the element identified by ``locator``.</doc>
<msg timestamp="20211214 21:49:32.464" level="INFO">Clicking element 'name=login'.</msg>
<status status="PASS" starttime="20211214 21:49:32.464" endtime="20211214 21:49:36.956"/>
</kw>
<status status="PASS" starttime="20211214 21:49:27.149" endtime="20211214 21:49:36.956"/>
</kw>
<kw name="Results Test">
<kw name="Reload Page" library="SeleniumLibrary">
<doc>Simulates user reloading page.</doc>
<status status="PASS" starttime="20211214 21:49:36.956" endtime="20211214 21:49:36.962"/>
</kw>
<kw name="Wait Until Page Does Not Contain Element" library="SeleniumLibrary">
<arg>dt_core_header_acc-info-preloader</arg>
<arg>60</arg>
<doc>Waits until the element ``locator`` disappears from the current page.</doc>
<status status="PASS" starttime="20211214 21:49:36.963" endtime="20211214 21:49:40.719"/>
</kw>
<kw name="Click Element" library="SeleniumLibrary">
<arg>//*[@class="dc-btn dc-btn--secondary dc-btn__small"]</arg>
<doc>Click the element identified by ``locator``.</doc>
<msg timestamp="20211214 21:49:40.719" level="INFO">Clicking element '//*[@class="dc-btn dc-btn--secondary dc-btn__small"]'.</msg>
<status status="PASS" starttime="20211214 21:49:40.719" endtime="20211214 21:49:40.789"/>
</kw>
<kw name="Click Element" library="SeleniumLibrary">
<arg>//*[text()="Yes"]//parent::button</arg>
<doc>Click the element identified by ``locator``.</doc>
<msg timestamp="20211214 21:49:40.790" level="INFO">Clicking element '//*[text()="Yes"]//parent::button'.</msg>
<status status="PASS" starttime="20211214 21:49:40.789" endtime="20211214 21:49:40.825"/>
</kw>
<status status="PASS" starttime="20211214 21:49:36.956" endtime="20211214 21:49:40.825"/>
</kw>
<status status="PASS" starttime="20211214 21:49:18.561" endtime="20211214 21:49:40.825"/>
</test>
<status status="PASS" starttime="20211214 21:49:18.483" endtime="20211214 21:49:40.826"/>
</suite>
<statistics>
<total>
<stat pass="1" fail="0" skip="0">All Tests</stat>
</total>
<tag>
</tag>
<suite>
<stat pass="1" fail="0" skip="0" id="s1" name="Test">Test</stat>
</suite>
</statistics>
<errors>
</errors>
</robot>
